{"numTotalTestSuites":13,"numPassedTestSuites":13,"numFailedTestSuites":0,"numPendingTestSuites":0,"numTotalTests":16,"numPassedTests":15,"numFailedTests":1,"numPendingTests":0,"numTodoTests":0,"startTime":1764208838070,"success":false,"testResults":[{"assertionResults":[{"ancestorTitles":["","CustomerSelector"],"fullName":" CustomerSelector should render search input when no customer is selected","status":"passed","title":"should render search input when no customer is selected","duration":82,"failureMessages":[]},{"ancestorTitles":["","CustomerSelector"],"fullName":" CustomerSelector should render selected customer when modelValue is provided","status":"failed","title":"should render selected customer when modelValue is provided","duration":22,"failureMessages":["expected 'JJohn Doe+1234567890' to contain 'john@example.com'"],"location":{"line":58,"column":28}},{"ancestorTitles":["","CustomerSelector"],"fullName":" CustomerSelector should emit update:modelValue when clear button is clicked","status":"passed","title":"should emit update:modelValue when clear button is clicked","duration":14,"failureMessages":[]},{"ancestorTitles":["","CustomerSelector"],"fullName":" CustomerSelector should search for customers when typing in input","status":"passed","title":"should search for customers when typing in input","duration":368,"failureMessages":[]},{"ancestorTitles":["","CustomerSelector"],"fullName":" CustomerSelector should display loading spinner when searching","status":"passed","title":"should display loading spinner when searching","duration":4,"failureMessages":[]}],"startTime":1764208841631,"endTime":1764208842123,"status":"failed","message":"","name":"C:/Work Space/Allocat/Frontend/tests/unit/components/CustomerSelector.test.ts"},{"assertionResults":[{"ancestorTitles":["","ApiService","GET requests"],"fullName":" ApiService GET requests should make GET request successfully","status":"passed","title":"should make GET request successfully","duration":7,"failureMessages":[]},{"ancestorTitles":["","ApiService","GET requests"],"fullName":" ApiService GET requests should handle GET request errors","status":"passed","title":"should handle GET request errors","duration":2,"failureMessages":[]},{"ancestorTitles":["","ApiService","POST requests"],"fullName":" ApiService POST requests should make POST request successfully","status":"passed","title":"should make POST request successfully","duration":2,"failureMessages":[]},{"ancestorTitles":["","ApiService","PUT requests"],"fullName":" ApiService PUT requests should make PUT request successfully","status":"passed","title":"should make PUT request successfully","duration":1,"failureMessages":[]},{"ancestorTitles":["","ApiService","DELETE requests"],"fullName":" ApiService DELETE requests should make DELETE request successfully","status":"passed","title":"should make DELETE request successfully","duration":1,"failureMessages":[]}],"startTime":1764208841568,"endTime":1764208841584,"status":"passed","message":"","name":"C:/Work Space/Allocat/Frontend/tests/unit/services/api.test.ts"},{"assertionResults":[{"ancestorTitles":["","POS Store","createCart"],"fullName":" POS Store createCart should create a cart successfully","status":"passed","title":"should create a cart successfully","duration":18,"failureMessages":[]},{"ancestorTitles":["","POS Store","createCart"],"fullName":" POS Store createCart should handle cart creation errors","status":"passed","title":"should handle cart creation errors","duration":6,"failureMessages":[]},{"ancestorTitles":["","POS Store","addItem"],"fullName":" POS Store addItem should add item to cart","status":"passed","title":"should add item to cart","duration":2,"failureMessages":[]},{"ancestorTitles":["","POS Store","computed properties"],"fullName":" POS Store computed properties should calculate cartTotal correctly","status":"passed","title":"should calculate cartTotal correctly","duration":1,"failureMessages":[]},{"ancestorTitles":["","POS Store","computed properties"],"fullName":" POS Store computed properties should calculate cartItemCount correctly","status":"passed","title":"should calculate cartItemCount correctly","duration":1,"failureMessages":[]},{"ancestorTitles":["","POS Store","computed properties"],"fullName":" POS Store computed properties should return hasItems correctly","status":"passed","title":"should return hasItems correctly","duration":2,"failureMessages":[]}],"startTime":1764208841582,"endTime":1764208841615,"status":"passed","message":"","name":"C:/Work Space/Allocat/Frontend/tests/unit/stores/posStore.test.ts"}]}